# JRE version: Java(TM) SE Runtime Environment (8.0_221-b11) (build 1.8.0_221-b11)
# Java VM: Java HotSpot(TM) 64-Bit Server VM (25.221-b11 mixed mode linux-amd64 compressed oops)
Heap:
 PSYoungGen      total 88576K, used 4581K [0x00000000f6600000, 0x00000000fd300000, 0x0000000100000000)
  eden space 83968K, 0% used [0x00000000f6600000,0x00000000f6600000,0x00000000fb800000)
  from space 4608K, 99% used [0x00000000fca00000,0x00000000fce79730,0x00000000fce80000)
  to   space 3584K, 0% used [0x00000000fcf80000,0x00000000fcf80000,0x00000000fd300000)
 ParOldGen       total 22528K, used 12780K [0x00000000e3200000, 0x00000000e4800000, 0x00000000f6600000)
  object space 22528K, 56% used [0x00000000e3200000,0x00000000e3e7b1d0,0x00000000e4800000)
 Metaspace       used 26392K, capacity 27554K, committed 27776K, reserved 1073152K
  class space    used 3580K, capacity 3850K, committed 3968K, reserved 1048576K
GC Heap History (10 events):
Event: 5,662 GC heap after
Heap after GC invocations=7 (full 0):
 PSYoungGen      total 35840K, used 3041K [0x00000000f6600000, 0x00000000fae00000, 0x0000000100000000)
  eden space 32768K, 0% used [0x00000000f6600000,0x00000000f6600000,0x00000000f8600000)
  from space 3072K, 99% used [0x00000000f8600000,0x00000000f88f86d0,0x00000000f8900000)
  to   space 4096K, 0% used [0x00000000faa00000,0x00000000faa00000,0x00000000fae00000)
 ParOldGen       total 20480K, used 6179K [0x00000000e3200000, 0x00000000e4600000, 0x00000000f6600000)
  object space 20480K, 30% used [0x00000000e3200000,0x00000000e3808d90,0x00000000e4600000)
 Metaspace       used 16215K, capacity 16690K, committed 16768K, reserved 1062912K
  class space    used 2206K, capacity 2366K, committed 2432K, reserved 1048576K
}
Event: 6,571 GC heap before
{Heap before GC invocations=8 (full 0):
 PSYoungGen      total 35840K, used 35809K [0x00000000f6600000, 0x00000000fae00000, 0x0000000100000000)
  eden space 32768K, 100% used [0x00000000f6600000,0x00000000f8600000,0x00000000f8600000)
  from space 3072K, 99% used [0x00000000f8600000,0x00000000f88f86d0,0x00000000f8900000)
  to   space 4096K, 0% used [0x00000000faa00000,0x00000000faa00000,0x00000000fae00000)
 ParOldGen       total 20480K, used 6179K [0x00000000e3200000, 0x00000000e4600000, 0x00000000f6600000)
  object space 20480K, 30% used [0x00000000e3200000,0x00000000e3808d90,0x00000000e4600000)
 Metaspace       used 19690K, capacity 20206K, committed 20480K, reserved 1067008K
  class space    used 2623K, capacity 2770K, committed 2816K, reserved 1048576K
Event: 6,610 GC heap after
Heap after GC invocations=8 (full 0):
 PSYoungGen      total 68608K, used 4077K [0x00000000f6600000, 0x00000000fb000000, 0x0000000100000000)
  eden space 64512K, 0% used [0x00000000f6600000,0x00000000f6600000,0x00000000fa500000)
  from space 4096K, 99% used [0x00000000faa00000,0x00000000fadfb740,0x00000000fae00000)
  to   space 5120K, 0% used [0x00000000fa500000,0x00000000fa500000,0x00000000faa00000)
 ParOldGen       total 20480K, used 7326K [0x00000000e3200000, 0x00000000e4600000, 0x00000000f6600000)
  object space 20480K, 35% used [0x00000000e3200000,0x00000000e3927940,0x00000000e4600000)
 Metaspace       used 19690K, capacity 20206K, committed 20480K, reserved 1067008K
  class space    used 2623K, capacity 2770K, committed 2816K, reserved 1048576K
}
Event: 7,050 GC heap before
{Heap before GC invocations=9 (full 0):
 PSYoungGen      total 68608K, used 15777K [0x00000000f6600000, 0x00000000fb000000, 0x0000000100000000)
  eden space 64512K, 18% used [0x00000000f6600000,0x00000000f716d000,0x00000000fa500000)
  from space 4096K, 99% used [0x00000000faa00000,0x00000000fadfb740,0x00000000fae00000)
  to   space 5120K, 0% used [0x00000000fa500000,0x00000000fa500000,0x00000000faa00000)
 ParOldGen       total 20480K, used 7326K [0x00000000e3200000, 0x00000000e4600000, 0x00000000f6600000)
  object space 20480K, 35% used [0x00000000e3200000,0x00000000e3927940,0x00000000e4600000)
 Metaspace       used 20593K, capacity 21234K, committed 21296K, reserved 1067008K
  class space    used 2760K, capacity 2930K, committed 2944K, reserved 1048576K
Event: 7,068 GC heap after
Heap after GC invocations=9 (full 0):
 PSYoungGen      total 69632K, used 2718K [0x00000000f6600000, 0x00000000fd400000, 0x0000000100000000)
  eden space 64512K, 0% used [0x00000000f6600000,0x00000000f6600000,0x00000000fa500000)
  from space 5120K, 53% used [0x00000000fa500000,0x00000000fa7a7800,0x00000000faa00000)
  to   space 4608K, 0% used [0x00000000fcf80000,0x00000000fcf80000,0x00000000fd400000)
 ParOldGen       total 20480K, used 8019K [0x00000000e3200000, 0x00000000e4600000, 0x00000000f6600000)
  object space 20480K, 39% used [0x00000000e3200000,0x00000000e39d4db8,0x00000000e4600000)
 Metaspace       used 20593K, capacity 21234K, committed 21296K, reserved 1067008K
  class space    used 2760K, capacity 2930K, committed 2944K, reserved 1048576K
}
Event: 7,068 GC heap before
{Heap before GC invocations=10 (full 1):
 PSYoungGen      total 69632K, used 2718K [0x00000000f6600000, 0x00000000fd400000, 0x0000000100000000)
  eden space 64512K, 0% used [0x00000000f6600000,0x00000000f6600000,0x00000000fa500000)
  from space 5120K, 53% used [0x00000000fa500000,0x00000000fa7a7800,0x00000000faa00000)
  to   space 4608K, 0% used [0x00000000fcf80000,0x00000000fcf80000,0x00000000fd400000)
 ParOldGen       total 20480K, used 8019K [0x00000000e3200000, 0x00000000e4600000, 0x00000000f6600000)
  object space 20480K, 39% used [0x00000000e3200000,0x00000000e39d4db8,0x00000000e4600000)
 Metaspace       used 20593K, capacity 21234K, committed 21296K, reserved 1067008K
  class space    used 2760K, capacity 2930K, committed 2944K, reserved 1048576K
Event: 7,252 GC heap after
Heap after GC invocations=10 (full 1):
 PSYoungGen      total 69632K, used 0K [0x00000000f6600000, 0x00000000fd400000, 0x0000000100000000)
  eden space 64512K, 0% used [0x00000000f6600000,0x00000000f6600000,0x00000000fa500000)
  from space 5120K, 0% used [0x00000000fa500000,0x00000000fa500000,0x00000000faa00000)
  to   space 4608K, 0% used [0x00000000fcf80000,0x00000000fcf80000,0x00000000fd400000)
 ParOldGen       total 22528K, used 8480K [0x00000000e3200000, 0x00000000e4800000, 0x00000000f6600000)
  object space 22528K, 37% used [0x00000000e3200000,0x00000000e3a48208,0x00000000e4800000)
 Metaspace       used 20593K, capacity 21234K, committed 21296K, reserved 1067008K
  class space    used 2760K, capacity 2930K, committed 2944K, reserved 1048576K
}
Event: 9,447 GC heap before
{Heap before GC invocations=11 (full 1):
 PSYoungGen      total 69632K, used 64512K [0x00000000f6600000, 0x00000000fd400000, 0x0000000100000000)
  eden space 64512K, 100% used [0x00000000f6600000,0x00000000fa500000,0x00000000fa500000)
  from space 5120K, 0% used [0x00000000fa500000,0x00000000fa500000,0x00000000faa00000)
  to   space 4608K, 0% used [0x00000000fcf80000,0x00000000fcf80000,0x00000000fd400000)
 ParOldGen       total 22528K, used 8480K [0x00000000e3200000, 0x00000000e4800000, 0x00000000f6600000)
  object space 22528K, 37% used [0x00000000e3200000,0x00000000e3a48208,0x00000000e4800000)
 Metaspace       used 22341K, capacity 23056K, committed 23168K, reserved 1069056K
  class space    used 2970K, capacity 3165K, committed 3200K, reserved 1048576K
Event: 9,468 GC heap after
Heap after GC invocations=11 (full 1):
 PSYoungGen      total 87552K, used 3128K [0x00000000f6600000, 0x00000000fd300000, 0x0000000100000000)
  eden space 83968K, 0% used [0x00000000f6600000,0x00000000f6600000,0x00000000fb800000)
  from space 3584K, 87% used [0x00000000fcf80000,0x00000000fd28e170,0x00000000fd300000)
  to   space 4608K, 0% used [0x00000000fca00000,0x00000000fca00000,0x00000000fce80000)
 ParOldGen       total 22528K, used 8488K [0x00000000e3200000, 0x00000000e4800000, 0x00000000f6600000)
  object space 22528K, 37% used [0x00000000e3200000,0x00000000e3a4a208,0x00000000e4800000)
 Metaspace       used 22341K, capacity 23056K, committed 23168K, reserved 1069056K
  class space    used 2970K, capacity 3165K, committed 3200K, reserved 1048576K
}
Event: 42,558 GC heap before
{Heap before GC invocations=12 (full 1):
 PSYoungGen      total 87552K, used 87096K [0x00000000f6600000, 0x00000000fd300000, 0x0000000100000000)
  eden space 83968K, 100% used [0x00000000f6600000,0x00000000fb800000,0x00000000fb800000)
  from space 3584K, 87% used [0x00000000fcf80000,0x00000000fd28e170,0x00000000fd300000)
  to   space 4608K, 0% used [0x00000000fca00000,0x00000000fca00000,0x00000000fce80000)
 ParOldGen       total 22528K, used 8488K [0x00000000e3200000, 0x00000000e4800000, 0x00000000f6600000)
  object space 22528K, 37% used [0x00000000e3200000,0x00000000e3a4a208,0x00000000e4800000)
 Metaspace       used 26392K, capacity 27554K, committed 27776K, reserved 1073152K
  class space    used 3580K, capacity 3850K, committed 3968K, reserved 1048576K

